Chapter13/app/build/outputs/logs/manifest-merger-debug-report.txt
-- Merging decision tree log ---
manifest
ADDED from src/main/AndroidManifest.xml:2:1-182:12
	package
		ADDED from src/main/AndroidManifest.xml:3:5-48
		INJECTED from src/main/AndroidManifest.xml
		INJECTED from src/main/AndroidManifest.xml
	android:versionName
		ADDED from src/main/AndroidManifest.xml:5:5-30
	android:versionCode
		ADDED from src/main/AndroidManifest.xml:4:5-28
		INJECTED from src/main/AndroidManifest.xml
		INJECTED from src/main/AndroidManifest.xml
	xmlns:android
		ADDED from src/main/AndroidManifest.xml:2:11-69
uses-permission#android.permission.RECEIVE_BOOT_COMPLETED
ADDED from src/main/AndroidManifest.xml:7:5-81
	android:name
		ADDED from src/main/AndroidManifest.xml:7:22-78
uses-permission#android.permission.VIBRATE
ADDED from src/main/AndroidManifest.xml:8:5-66
	android:name
		ADDED from src/main/AndroidManifest.xml:8:22-63
uses-permission#android.permission.READ_PHONE_STATE
ADDED from src/main/AndroidManifest.xml:9:5-75
	android:name
		ADDED from src/main/AndroidManifest.xml:9:22-72
uses-permission#android.permission.ACCESS_WIFI_STATE
ADDED from src/main/AndroidManifest.xml:10:5-76
	android:name
		ADDED from src/main/AndroidManifest.xml:10:22-73
uses-permission#android.permission.CHANGE_WIFI_STATE
ADDED from src/main/AndroidManifest.xml:11:5-76
	android:name
		ADDED from src/main/AndroidManifest.xml:11:22-73
uses-permission#android.permission.INTERNET
ADDED from src/main/AndroidManifest.xml:12:5-67
	android:name
		ADDED from src/main/AndroidManifest.xml:12:22-64
uses-permission#android.permission.GET_ACCOUNTS
ADDED from src/main/AndroidManifest.xml:13:5-71
	android:name
		ADDED from src/main/AndroidManifest.xml:13:22-68
uses-permission#android.permission.WAKE_LOCK
ADDED from src/main/AndroidManifest.xml:14:5-68
	android:name
		ADDED from src/main/AndroidManifest.xml:14:22-65
permission#jp.co.se.android.recipe.chapter13.permission.C2D_MESSAGE
ADDED from src/main/AndroidManifest.xml:16:5-18:47
	android:protectionLevel
		ADDED from src/main/AndroidManifest.xml:18:9-44
	android:name
		ADDED from src/main/AndroidManifest.xml:17:9-80
uses-permission#jp.co.se.android.recipe.chapter13.permission.C2D_MESSAGE
ADDED from src/main/AndroidManifest.xml:20:5-96
	android:name
		ADDED from src/main/AndroidManifest.xml:20:22-93
uses-permission#com.google.android.c2dm.permission.RECEIVE
ADDED from src/main/AndroidManifest.xml:21:5-82
	android:name
		ADDED from src/main/AndroidManifest.xml:21:22-79
uses-sdk
ADDED from src/main/AndroidManifest.xml:23:5-25:41
	android:targetSdkVersion
		ADDED from src/main/AndroidManifest.xml:25:9-38
		INJECTED from src/main/AndroidManifest.xml
		INJECTED from src/main/AndroidManifest.xml
	android:minSdkVersion
		ADDED from src/main/AndroidManifest.xml:24:9-35
		INJECTED from src/main/AndroidManifest.xml
		INJECTED from src/main/AndroidManifest.xml
application
ADDED from src/main/AndroidManifest.xml:27:5-180:19
	android:label
		ADDED from src/main/AndroidManifest.xml:30:9-41
	android:allowBackup
		ADDED from src/main/AndroidManifest.xml:28:9-35
	android:icon
		ADDED from src/main/AndroidManifest.xml:29:9-45
	android:theme
		ADDED from src/main/AndroidManifest.xml:31:9-40
activity#jp.co.se.android.recipe.common.MainActivity
ADDED from src/main/AndroidManifest.xml:32:9-40:20
	android:label
		ADDED from src/main/AndroidManifest.xml:34:13-45
	android:name
		ADDED from src/main/AndroidManifest.xml:33:13-71
intent-filter#android.intent.action.MAIN+android.intent.category.LAUNCHER
ADDED from src/main/AndroidManifest.xml:35:13-39:29
action#android.intent.action.MAIN
ADDED from src/main/AndroidManifest.xml:36:17-69
	android:name
		ADDED from src/main/AndroidManifest.xml:36:25-66
category#android.intent.category.LAUNCHER
ADDED from src/main/AndroidManifest.xml:38:17-77
	android:name
		ADDED from src/main/AndroidManifest.xml:38:27-74
activity#jp.co.se.android.recipe.chapter13.Ch1301
ADDED from src/main/AndroidManifest.xml:41:9-49:20
	android:label
		ADDED from src/main/AndroidManifest.xml:43:13-47
	android:name
		ADDED from src/main/AndroidManifest.xml:42:13-35
intent-filter#android.intent.action.MAIN+android.intent.category.SAMPLE_CODE
ADDED from src/main/AndroidManifest.xml:44:13-48:29
category#android.intent.category.SAMPLE_CODE
ADDED from src/main/AndroidManifest.xml:47:17-80
	android:name
		ADDED from src/main/AndroidManifest.xml:47:27-77
activity#jp.co.se.android.recipe.chapter13.Ch1302
ADDED from src/main/AndroidManifest.xml:50:9-58:20
	android:label
		ADDED from src/main/AndroidManifest.xml:52:13-47
	android:name
		ADDED from src/main/AndroidManifest.xml:51:13-35
receiver#jp.co.se.android.recipe.chapter13.Ch1302$NotificationButtonClickListener
ADDED from src/main/AndroidManifest.xml:60:9-76
	android:name
		ADDED from src/main/AndroidManifest.xml:60:19-73
activity#jp.co.se.android.recipe.chapter13.Ch1303
ADDED from src/main/AndroidManifest.xml:62:9-70:20
	android:label
		ADDED from src/main/AndroidManifest.xml:64:13-47
	android:name
		ADDED from src/main/AndroidManifest.xml:63:13-35
service#jp.co.se.android.recipe.chapter13.Ch1303$DetectInstallAppService
ADDED from src/main/AndroidManifest.xml:72:9-74:55
	android:label
		ADDED from src/main/AndroidManifest.xml:74:13-52
	android:name
		ADDED from src/main/AndroidManifest.xml:73:13-59
receiver#jp.co.se.android.recipe.chapter13.Ch1303$DetectInstallAppService$InstallAppReceiver
ADDED from src/main/AndroidManifest.xml:76:9-87
	android:name
		ADDED from src/main/AndroidManifest.xml:76:19-84
activity#jp.co.se.android.recipe.chapter13.Ch1304
ADDED from src/main/AndroidManifest.xml:78:9-86:20
	android:label
		ADDED from src/main/AndroidManifest.xml:80:13-47
	android:name
		ADDED from src/main/AndroidManifest.xml:79:13-35
receiver#jp.co.se.android.recipe.chapter13.Ch1304$BootCompletedReceiver
ADDED from src/main/AndroidManifest.xml:88:9-94:20
	android:name
		ADDED from src/main/AndroidManifest.xml:88:19-63
intent-filter#android.intent.action.BOOT_COMPLETED+android.intent.category.DEFAULT
ADDED from src/main/AndroidManifest.xml:89:13-93:29
action#android.intent.action.BOOT_COMPLETED
ADDED from src/main/AndroidManifest.xml:90:17-79
	android:name
		ADDED from src/main/AndroidManifest.xml:90:25-76
category#android.intent.category.DEFAULT
ADDED from src/main/AndroidManifest.xml:92:17-76
	android:name
		ADDED from src/main/AndroidManifest.xml:92:27-73
activity#jp.co.se.android.recipe.chapter13.Ch1305
ADDED from src/main/AndroidManifest.xml:96:9-104:20
	android:label
		ADDED from src/main/AndroidManifest.xml:98:13-47
	android:name
		ADDED from src/main/AndroidManifest.xml:97:13-35
activity#jp.co.se.android.recipe.chapter13.Ch1306
ADDED from src/main/AndroidManifest.xml:105:9-113:20
	android:label
		ADDED from src/main/AndroidManifest.xml:107:13-47
	android:name
		ADDED from src/main/AndroidManifest.xml:106:13-35
activity#jp.co.se.android.recipe.chapter13.Ch1307
ADDED from src/main/AndroidManifest.xml:114:9-122:20
	android:label
		ADDED from src/main/AndroidManifest.xml:116:13-47
	android:name
		ADDED from src/main/AndroidManifest.xml:115:13-35
activity#jp.co.se.android.recipe.chapter13.Ch1308
ADDED from src/main/AndroidManifest.xml:123:9-131:20
	android:label
		ADDED from src/main/AndroidManifest.xml:125:13-47
	android:name
		ADDED from src/main/AndroidManifest.xml:124:13-35
activity#jp.co.se.android.recipe.chapter13.Ch1309
ADDED from src/main/AndroidManifest.xml:132:9-140:20
	android:label
		ADDED from src/main/AndroidManifest.xml:134:13-47
	android:name
		ADDED from src/main/AndroidManifest.xml:133:13-35
activity#jp.co.se.android.recipe.chapter13.Ch1310
ADDED from src/main/AndroidManifest.xml:141:9-149:20
	android:label
		ADDED from src/main/AndroidManifest.xml:143:13-48
	android:name
		ADDED from src/main/AndroidManifest.xml:142:13-35
activity#jp.co.se.android.recipe.chapter13.Ch1311
ADDED from src/main/AndroidManifest.xml:150:9-158:20
	android:label
		ADDED from src/main/AndroidManifest.xml:152:13-48
	android:name
		ADDED from src/main/AndroidManifest.xml:151:13-35
activity#jp.co.se.android.recipe.chapter13.Ch1312
ADDED from src/main/AndroidManifest.xml:159:9-167:20
	android:label
		ADDED from src/main/AndroidManifest.xml:161:13-48
	android:name
		ADDED from src/main/AndroidManifest.xml:160:13-35
receiver#jp.co.se.android.recipe.chapter13.Ch1310GcmBroadcastReceiver
ADDED from src/main/AndroidManifest.xml:169:9-177:20
	android:permission
		ADDED from src/main/AndroidManifest.xml:171:13-73
	android:name
		ADDED from src/main/AndroidManifest.xml:170:13-55
intent-filter#com.google.android.c2dm.intent.RECEIVE+jp.co.se.android.recipe.chapter13
ADDED from src/main/AndroidManifest.xml:172:13-176:29
action#com.google.android.c2dm.intent.RECEIVE
ADDED from src/main/AndroidManifest.xml:173:17-81
	android:name
		ADDED from src/main/AndroidManifest.xml:173:25-78
category#jp.co.se.android.recipe.chapter13
ADDED from src/main/AndroidManifest.xml:175:17-78
	android:name
		ADDED from src/main/AndroidManifest.xml:175:27-75
service#jp.co.se.android.recipe.chapter13.Ch1310GcmIntentService
ADDED from src/main/AndroidManifest.xml:179:9-59
	android:name
		ADDED from src/main/AndroidManifest.xml:179:18-56